Determining if the pthread_create exist failed with the following output:
Change Dir: /home/chekbo/Documents/Studies/S3/3D/Projet/Solar-System/build/CMakeFiles/CMakeTmp

Run Build Command:"/usr/bin/gmake" "cmTC_e2787/fast"
/usr/bin/gmake -f CMakeFiles/cmTC_e2787.dir/build.make CMakeFiles/cmTC_e2787.dir/build
gmake[1]: Entering directory '/home/chekbo/Documents/Studies/S3/3D/Projet/Solar-System/build/CMakeFiles/CMakeTmp'
Building C object CMakeFiles/cmTC_e2787.dir/CheckSymbolExists.c.o
/usr/bin/cc    -o CMakeFiles/cmTC_e2787.dir/CheckSymbolExists.c.o   -c /home/chekbo/Documents/Studies/S3/3D/Projet/Solar-System/build/CMakeFiles/CMakeTmp/CheckSymbolExists.c
Linking C executable cmTC_e2787
/usr/bin/cmake -E cmake_link_script CMakeFiles/cmTC_e2787.dir/link.txt --verbose=1
/usr/bin/cc      -rdynamic CMakeFiles/cmTC_e2787.dir/CheckSymbolExists.c.o  -o cmTC_e2787 
CMakeFiles/cmTC_e2787.dir/CheckSymbolExists.c.o: In function `main':
CheckSymbolExists.c:(.text+0x16): undefined reference to `pthread_create'
collect2: error: ld returned 1 exit status
gmake[1]: *** [CMakeFiles/cmTC_e2787.dir/build.make:87: cmTC_e2787] Error 1
gmake[1]: Leaving directory '/home/chekbo/Documents/Studies/S3/3D/Projet/Solar-System/build/CMakeFiles/CMakeTmp'
gmake: *** [Makefile:126: cmTC_e2787/fast] Error 2

File /home/chekbo/Documents/Studies/S3/3D/Projet/Solar-System/build/CMakeFiles/CMakeTmp/CheckSymbolExists.c:
/* */
#include <pthread.h>

int main(int argc, char** argv)
{
  (void)argv;
#ifndef pthread_create
  return ((int*)(&pthread_create))[argc];
#else
  (void)argc;
  return 0;
#endif
}

Determining if the function pthread_create exists in the pthreads failed with the following output:
Change Dir: /home/chekbo/Documents/Studies/S3/3D/Projet/Solar-System/build/CMakeFiles/CMakeTmp

Run Build Command:"/usr/bin/gmake" "cmTC_de32f/fast"
/usr/bin/gmake -f CMakeFiles/cmTC_de32f.dir/build.make CMakeFiles/cmTC_de32f.dir/build
gmake[1]: Entering directory '/home/chekbo/Documents/Studies/S3/3D/Projet/Solar-System/build/CMakeFiles/CMakeTmp'
Building C object CMakeFiles/cmTC_de32f.dir/CheckFunctionExists.c.o
/usr/bin/cc   -DCHECK_FUNCTION_EXISTS=pthread_create   -o CMakeFiles/cmTC_de32f.dir/CheckFunctionExists.c.o   -c /usr/share/cmake/Modules/CheckFunctionExists.c
Linking C executable cmTC_de32f
/usr/bin/cmake -E cmake_link_script CMakeFiles/cmTC_de32f.dir/link.txt --verbose=1
/usr/bin/cc  -DCHECK_FUNCTION_EXISTS=pthread_create    -rdynamic CMakeFiles/cmTC_de32f.dir/CheckFunctionExists.c.o  -o cmTC_de32f -lpthreads 
/usr/bin/ld: cannot find -lpthreads
collect2: error: ld returned 1 exit status
gmake[1]: *** [CMakeFiles/cmTC_de32f.dir/build.make:87: cmTC_de32f] Error 1
gmake[1]: Leaving directory '/home/chekbo/Documents/Studies/S3/3D/Projet/Solar-System/build/CMakeFiles/CMakeTmp'
gmake: *** [Makefile:126: cmTC_de32f/fast] Error 2


